2023-12-21T21:45:54.642Z info: Conexion creada DB
2023-12-21T21:46:04.970Z info: Conexion creada DB
2023-12-21T21:46:20.825Z info: Conexion creada DB
2023-12-21T21:46:32.298Z info: Conexion creada DB
2023-12-21T21:46:50.088Z info: Conexion creada DB
2023-12-21T22:00:04.217Z info: Conexion creada DB
2023-12-21T22:00:15.350Z info: Conexion creada DB
2023-12-21T22:01:08.947Z info: Conexion creada DB
2023-12-21T22:01:25.216Z info: Conexion creada DB
2023-12-21T22:01:41.395Z info: Conexion creada DB
2023-12-21T22:01:52.334Z info: Conexion creada DB
2023-12-21T22:02:03.014Z info: Conexion creada DB
2023-12-21T22:02:09.138Z info: Conexion creada DB
2023-12-21T22:02:18.041Z info: Conexion creada DB
2023-12-21T22:02:19.018Z error: conv_moto_anio is not defined
2023-12-21T22:02:19.019Z error: ReferenceError: conv_moto_anio is not defined
    at navInstance (C:\Users\Auditoria\Documents\GitHub\chatflujo\src\newmodel.js:683:54)
    at processTicksAndRejections (node:internal/process/task_queues:96:5)
    at async navFlow (C:\Users\Auditoria\Documents\GitHub\chatflujo\src\newmodel.js:852:17)
    at async C:\Users\Auditoria\Documents\GitHub\chatflujo\src\newmodel.js:938:25
2023-12-21T22:04:11.005Z info: Conexion creada DB
2023-12-21T22:04:17.675Z info: Conexion creada DB
2023-12-21T22:04:18.644Z error: conv_moto_anio is not defined
2023-12-21T22:04:18.645Z error: ReferenceError: conv_moto_anio is not defined
    at navInstance (C:\Users\Auditoria\Documents\GitHub\chatflujo\src\newmodel.js:683:54)
    at processTicksAndRejections (node:internal/process/task_queues:96:5)
    at async navFlow (C:\Users\Auditoria\Documents\GitHub\chatflujo\src\newmodel.js:852:17)
    at async C:\Users\Auditoria\Documents\GitHub\chatflujo\src\newmodel.js:938:25
2023-12-21T22:04:45.871Z info: Conexion creada DB
2023-12-21T22:04:50.180Z info: Conexion creada DB
2023-12-21T22:05:24.893Z info: Conexion creada DB
2023-12-21T22:05:43.639Z info: Conexion creada DB
2023-12-21T22:06:00.961Z info: Conexion creada DB
2023-12-21T22:06:24.815Z info: Conexion creada DB
2023-12-21T22:06:43.380Z info: Conexion creada DB
2023-12-21T22:07:43.184Z info: Conexion creada DB
2023-12-21T22:08:14.307Z info: Conexion creada DB
2023-12-21T22:08:25.445Z info: Conexion creada DB
2023-12-21T22:08:45.026Z info: Conexion creada DB
2023-12-21T22:08:56.578Z info: Conexion creada DB
2023-12-21T22:09:17.752Z info: Conexion creada DB
2023-12-21T22:14:50.650Z info: Conexion creada DB
2023-12-21T22:15:06.065Z info: Conexion creada DB
2023-12-21T22:15:10.541Z info: Conexion creada DB
2023-12-21T22:15:22.172Z info: Conexion creada DB
2023-12-21T22:15:31.277Z info: Conexion creada DB
2023-12-21T22:15:36.965Z info: Conexion creada DB
2023-12-21T22:15:49.546Z info: Conexion creada DB
2023-12-21T22:15:58.294Z info: Conexion creada DB
2023-12-21T22:16:03.919Z info: Conexion creada DB
2023-12-21T22:16:11.673Z info: Conexion creada DB
2023-12-21T22:16:19.945Z info: Conexion creada DB
2023-12-21T22:16:26.202Z info: Conexion creada DB
2023-12-21T22:16:37.546Z info: Conexion creada DB
2023-12-21T22:16:51.416Z info: Conexion creada DB
2023-12-21T22:16:56.574Z info: Conexion creada DB
2023-12-21T22:20:49.242Z info: Conexion creada DB
2023-12-22T15:15:03.709Z info: Conexion creada DB
2023-12-22T15:22:26.360Z info: Conexion creada DB
2023-12-22T15:23:28.070Z info: Conexion creada DB
2023-12-22T15:23:45.437Z info: Conexion creada DB
2023-12-22T15:23:49.615Z info: Conexion creada DB
2023-12-22T15:23:56.227Z info: Conexion creada DB
2023-12-22T15:25:57.403Z info: Conexion creada DB
2023-12-22T15:26:07.769Z info: Conexion creada DB
2023-12-22T15:26:11.902Z info: Conexion creada DB
